<?xml version="1.0" encoding="UTF-8"?>
<!-- Generated by org.testng.reporters.JUnitReportReporter -->
<testsuite skipped="0" hostname="vdama-mbp16.local" name="com.foxapi.testCases.TC001_Add_Place" tests="4" failures="0" timestamp="16 Feb 2022 19:01:14 GMT" time="0.014" errors="0">
  <testcase name="checkResposeBody" time="0.007" classname="com.foxapi.testCases.TC001_Add_Place"/>
  <testcase name="checkContentType" time="0.005" classname="com.foxapi.testCases.TC001_Add_Place"/>
  <testcase name="checkstatusLine" time="0.001" classname="com.foxapi.testCases.TC001_Add_Place"/>
  <testcase name="checkStatusCode" time="0.001" classname="com.foxapi.testCases.TC001_Add_Place"/>
</testsuite> <!-- com.foxapi.testCases.TC001_Add_Place -->
